PBS: Running prologue on parent mom node: nid003501...
Job 58049426.dbqs01 nodelist: nid003501
Thu Aug 14 15:16:53 UTC 2025
start loading module
/apps/prod/python-modules/3.8.6/intel/19.1.3.304/lib/python3.8/site-packages/cartopy/mpl/geoaxes.py:1597: UserWarning: The input coordinates to pcolormesh are interpreted as cell centers, but are not monotonically increasing or decreasing. This may lead to incorrectly calculated cell edges, in which case, please supply explicit cell edges to pcolormesh.
  X, Y, C, shading = self._pcolorargs('pcolormesh', *args,
/lfs/h2/emc/lam/noscrub/emc.lam/Shun.Liu/test/rrfs_debug_tool_fix/fv3_grid_spec
(2700, 3950)
0.0 2.0
max and min: 0.0 2.0
IC_2025081318_lake.png
PBS: Running epilogue on parent mom node: nid003501...
##### Job 58049426.dbqs01 - PBS Job Script:
(Note: Duplicate #PBS entries are a function how PBS interprets and caches the original job script.)

#! /bin/sh
#PBS -q pridev
#PBS -A RRFS-DEV
#PBS -l walltime=00:45:00
#PBS -l select=1:mpiprocs=1:ncpus=1
#PBS -j oe -o /lfs/h2/emc/ptmp/emc.lam/Shun.Liu/rrfs_plt_restart/plot.log
#PBS -N allvars_rrfs_f39

/lfs/h2/emc/ptmp/emc.lam/Shun.Liu/rrfs_plt_restart/load.sh


##### End of job script
------------------------------------------------------------------

