PBS: Running prologue on parent mom node: nid003219...
Job 213436612.cbqs01 nodelist: nid003219
Sat Aug  9 03:50:32 UTC 2025
start loading module
/lfs/h2/emc/lam/noscrub/emc.lam/Shun.Liu/test/rrfs_debug_tool_fix/fv3_grid_spec
(2701, 3950)
0 5.385009
1 9.423401
2 3.2971077
3 3.1073298
4 14.601524
5 4.887023
6 2.8059692
7 12.92378
8 13.75079
9 9.188552
10 10.085251
11 14.936981
12 5.1408772
13 5.3805194
14 11.625697
15 11.869855
16 16.587463
17 22.394665
18 21.83372
19 25.918356
20 26.098854
21 30.378933
22 30.25526
23 33.21276
24 32.964077
25 37.610714
26 34.833954
27 30.893997
28 27.66602
29 27.863613
30 26.018806
31 26.338917
32 26.602135
33 26.875736
34 26.043728
35 24.54825
36 23.943256
37 22.317463
38 19.537153
39 15.733256
40 12.475793
41 12.108341
42 11.624518
43 10.748296
44 10.740094
45 11.193776
46 11.083382
47 9.467901
48 8.490555
49 8.9569025
50 9.7341
51 10.4115095
52 10.772388
53 11.373988
54 11.07645
55 9.8038645
56 8.45438
57 9.95516
58 10.58554
59 10.513945
60 10.307569
61 9.978184
62 9.603258
63 8.809792
64 7.5774717
PBS: Running epilogue on parent mom node: nid003219...
##### Job 213436612.cbqs01 - PBS Job Script:
(Note: Duplicate #PBS entries are a function how PBS interprets and caches the original job script.)

#! /bin/sh
#PBS -q devhigh
#PBS -A RRFS-DEV
#PBS -l walltime=00:45:00
#PBS -l select=1:mpiprocs=1:ncpus=1
#PBS -j oe -o /lfs/h2/emc/ptmp/emc.lam/Shun.Liu/blending/plot.log
#PBS -N allvars_rrfs_f39

/lfs/h2/emc/ptmp/emc.lam/Shun.Liu/blending/load.sh


##### End of job script
------------------------------------------------------------------

PBS: Running prologue on parent mom node: nid003102...
Job 213436942.cbqs01 nodelist: nid003102
Sat Aug  9 03:53:31 UTC 2025
start loading module
/lfs/h2/emc/lam/noscrub/emc.lam/Shun.Liu/test/rrfs_debug_tool_fix/fv3_grid_spec
(2701, 3950)
0 5.385009 (2650, 1977)
1 9.423401 (2650, 1976)
2 3.2971077 (2652, 1978)
3 3.1073298 (2649, 1975)
4 14.601524 (2651, 1975)
5 4.887023 (2649, 1974)
6 2.8059692 (2653, 1978)
7 12.92378 (2649, 1974)
8 13.75079 (2649, 1974)
9 9.188552 (2649, 1974)
10 10.085251 (2649, 1974)
11 14.936981 (2649, 1974)
12 5.1408772 (2649, 1974)
13 5.3805194 (2649, 1974)
14 11.625697 (2649, 1974)
15 11.869855 (2649, 1974)
16 16.587463 (2649, 1974)
17 22.394665 (2649, 1974)
18 21.83372 (2649, 1974)
19 25.918356 (2649, 1974)
20 26.098854 (2649, 1974)
21 30.378933 (2649, 1974)
22 30.25526 (2649, 1974)
23 33.21276 (2649, 1974)
24 32.964077 (2649, 1974)
25 37.610714 (2649, 1974)
26 34.833954 (2649, 1974)
27 30.893997 (2649, 1974)
28 27.66602 (2649, 1974)
29 27.863613 (2649, 1974)
30 26.018806 (2649, 1974)
31 26.338917 (2649, 1974)
32 26.602135 (2649, 1974)
33 26.875736 (2649, 1974)
34 26.043728 (2649, 1974)
35 24.54825 (2649, 1974)
36 23.943256 (2649, 1974)
37 22.317463 (2649, 1974)
38 19.537153 (2649, 1974)
39 15.733256 (2649, 1974)
40 12.475793 (2649, 1974)
41 12.108341 (2649, 1974)
42 11.624518 (2649, 1974)
43 10.748296 (2649, 1974)
44 10.740094 (2649, 1974)
45 11.193776 (2649, 1974)
46 11.083382 (2649, 1974)
47 9.467901 (2649, 1974)
48 8.490555 (2649, 1974)
49 8.9569025 (2649, 1974)
50 9.7341 (2649, 1974)
51 10.4115095 (2649, 1974)
52 10.772388 (2649, 1974)
53 11.373988 (2649, 1974)
54 11.07645 (2649, 1974)
55 9.8038645 (2649, 1974)
56 8.45438 (2648, 1975)
57 9.95516 (2648, 1975)
58 10.58554 (2649, 1975)
59 10.513945 (2649, 1975)
60 10.307569 (2649, 1975)
61 9.978184 (2649, 1975)
62 9.603258 (2649, 1975)
63 8.809792 (2649, 1975)
64 7.5774717 (2649, 1975)
PBS: Running epilogue on parent mom node: nid003102...
##### Job 213436942.cbqs01 - PBS Job Script:
(Note: Duplicate #PBS entries are a function how PBS interprets and caches the original job script.)

#! /bin/sh
#PBS -q devhigh
#PBS -A RRFS-DEV
#PBS -l walltime=00:45:00
#PBS -l select=1:mpiprocs=1:ncpus=1
#PBS -j oe -o /lfs/h2/emc/ptmp/emc.lam/Shun.Liu/blending/plot.log
#PBS -N allvars_rrfs_f39

/lfs/h2/emc/ptmp/emc.lam/Shun.Liu/blending/load.sh


##### End of job script
------------------------------------------------------------------

